/*  ~A~  */
+alcygendum 1: [1 VAG^D] 
+at+awde 1: [1 VBD] 
+atbr+ad 4: [4 VBDI] 
+atbredan 1: [1 VB] 
+atbrede 1: [1 VBDS] 
+atbret 1: [1 VBPI] 
+atdo 2: [2 VBPS] 
+ateaude 1: [1 VBD] 
+ateawde 1: [1 VBD] 
+ateowde 8: [8 VBD] 
+ateowed 1: [1 VBN] 
+ateowia+d 3: [2 VBPI] [1 VBI] 
+ateowie 1: [1 VBP] 
+ateowion 1: [1 VBPS] 
+ateowode 4: [4 VBD] 
+atf+astnodon 1: [1 VBDI] 
+atfestun 1: [1 VBPS] 
+ath+afst 1: [1 VBPI] 
+atrec+d 1: [1 VBN] 
+atstandendum 1: [1 VAG^D] 
+atw+anian 1: [1 VBPS] 
+atwene+d 1: [1 VBPI] 
+atywa+d 1: [1 VBI] 
+atywan 5: [3 VB] [2 VBPS] 
+atywde 1: [1 VBD] 
+atywed 1: [1 VBN] 
abacen 1: [1 VBN^A] 
abead 1: [1 VBDI] 
acende 4: [4 VBD] 
acennedan 1: [1 VBN^D] 
acunnedon 1: [1 VBN^D] 
acwealdon 1: [1 VBDI] 
acwellan 1: [1 VB] 
afaren 1: [1 VBN] 
aferran 1: [1 VB] 
afyrde 1: [1 VBD] 
afyredan 2: [2 VBN^D] 
afyrran 1: [1 VB] 
afyrsige 2: [1 VBP] [1 VBPS] 
ag+af 4: [4 VBDI] 
ag+afe 1: [1 VBDS] 
ageaf 21: [21 VBDI] 
ageafan 1: [1 VBDI] 
ageafe 5: [5 VBDS] 
ageafon 2: [2 VBDI] 
agef 4: [4 VBDI] 
agefan 1: [1 VBDI] 
agefe 2: [2 VBPS] 
agefon 1: [1 VBDI] 
ageofan 1: [1 VB] 
agiaban 1: [1 VB] 
agif 1: [1 VBI] 
agifan 4: [4 VB] 
agife Agife 10: [9 VBPS] [1 VBP] 
agife+d 1: [1 VBPI] 
agildan 2: [2 VB] 
agrafene 1: [1 VBN^A] 
agulde 1: [1 VBDS] 
agyf 1: [1 VBI] 
agyfa+d Agyfa+d 4: [1 VBPI] [3 VBI] 
agyfan 3: [1 VBPS] [2 VB] 
agyfe 4: [3 VBPS] [1 VBP] 
agyldan 6: [6 VB] 
agylde 1: [1 VBPS] 
agyldenne 1: [1 VB^D] 
agylst 1: [1 VBPI] 
agylts 1: [1 VBPI] 
ahebban 1: [1 VB] 
al+atan 1: [1 VB] 
aleg+d 1: [1 VBPI] 
alih+d 1: [1 VBPI] 
alyfed 2: [2 VBN] 
amearkian 1: [1 VB] 
ameldian 1: [1 VB] 
ametene 1: [1 VBN^A] 
amoltenan 1: [1 VBN^A] 
andetta+d 2: [1 VBPI] [1 VBI] 
andettan 5: [5 VB] 
andwyrde 2: [2 VBD] 
andyttan 1: [1 VB] 
andytte 2: [2 VBD] 
ar+aran 2: [2 VB] 
ar+arde 5: [5 VBD] 
ar+are 1: [1 VBPS] 
arasode 1: [1 VBD] 
areccan 1: [1 VB] 
arehte 1: [1 VBD] 
arn 1: [1 VBDI] 
arode 1: [1 VBD] 
as+ade 3: [3 VBD] 
as+adon 2: [2 VBDI] 
as+agde 2: [2 VBD] 
as+ande 1: [1 VBP] 
asece+d 1: [1 VBPI] 
asecgan 2: [2 VB] 
asecge 1: [1 VBPS] 
asende 7: [7 VBD] 
asended 1: [1 VBN] 
asetne 1: [1 VBN^A] 
asettum 1: [1 VBN^D] 
asift 1: [1 VBN^A] 
aspende 1: [1 VBD] 
astah 3: [3 VBDI] 
astealde 1: [1 VBD] 
astellen 2: [2 VBPS] 
astiga+d 1: [1 VBPI] 
astige 1: [1 VBDS] 
astr+ahtan 1: [1 VBN^D] 
astreccan 1: [1 VB] 
astrehtan 1: [1 VBN^D] 
awecce 1: [1 VBPS] 
awend 1: [1 VBN] 
awenda+d 1: [1 VBPI] 
awent 1: [1 VBPI] 
awiergdum 1: [1 VBN^D] 
awrat 2: [2 VBDI] 
awritan 1: [1 VB] 
awriten 1: [1 VBN^A] 
awritene 1: [1 VBN^A] 
awruge 1: [1 VBD] 
awyrged 1: [1 VBN] 
awyrgedan 2: [2 VBN^D] 
awyrigeda 1: [1 VBN^N] 
awyrigedan 2: [1 VBN^D] [1 VBN^A] 
/*  ~B~  */
b+ad 1: [1 VBDI] 
b+ade 1: [1 VBDS] 
b+ar 3: [3 VBDI] 
bead 16: [16 VBDI] 
beah 1: [1 VBDI] 
bebead 17: [17 VBDI] 
bebeoda+d 1: [1 VBPI] 
bebeodan 3: [3 VB] 
bebeode 3: [2 VBPS] [1 VBP] 
bebeoden 1: [1 VBDS] 
bebodan 1: [1 VBN] 
beboden 2: [2 VBN] 
bebudon 1: [1 VBDI] 
beceorfan 1: [1 VB] 
becom 5: [5 VBDI] 
become 1: [1 VBDS] 
becorfen 1: [1 VBN] 
becuma+d 2: [2 VBPI] 
becuman 1: [1 VB] 
becume 2: [2 VBPS] 
becw+a+d 1: [1 VBDI] 
becym+d 1: [1 VBPI] 
bedigelode 1: [1 VBD] 
bediglode 1: [1 VBD] 
bef+as+d 1: [1 VBN] 
bef+ast 1: [1 VBN] 
bef+astan 2: [2 VB] 
bef+aste 11: [4 VBD] [6 VBPS] [1 VBDS] 
bef+astende 1: [1 VAG] 
bef+astest 2: [2 VBDI] 
bef+aston 3: [3 VBDI] 
bef+astum 1: [1 VBN^D] 
befeste 1: [1 VBD] 
begeat 2: [2 VBDI] 
begeaton 1: [1 VBDI] 
begiten 1: [1 VBN] 
begytan 1: [1 VB] 
beh+at 5: [1 VBPS] [1 VBDI] [3 VBPI] 
beh+atst 1: [1 VBPI] 
behate 1: [1 VBPS] 
behaten 1: [1 VBN] 
behatenan 2: [2 VBN^D] 
beheawan 1: [1 VB] 
beheow 1: [1 VBDI] 
behet 20: [19 VBDI] [1 VBPI] 
behetan 1: [1 VBDI] 
beheton 3: [3 VBDI] 
behreowsiendum 1: [1 VAG^D] 
behreowsigendum 1: [1 VAG^D] 
bel+awdon 1: [1 VBDI] 
belamp 1: [1 VBDI] 
belean 2: [2 VBPS] 
belimpa+d 1: [1 VBPI] 
belimpa+t 1: [1 VBPI] 
belimpe 1: [1 VBPS] 
belimppa+d 1: [1 VBPI] 
belucan 1: [1 VB] 
bemi+dan 1: [1 VB] 
ben+amdon 1: [1 VBDI] 
benam 1: [1 VBDI] 
$beoda+d 1: [1 VBI] 
beoda+t 1: [1 VBPI] 
beodan 3: [1 VB] [2 VBPS] 
beode 13: [11 VBPS] [2 VBP] 
beornendan 1: [1 VAG^D] 
ber 2: [2 VBI] 
beran 4: [4 VB] 
bereafa+d 1: [1 VBPI] 
bereafian 1: [1 VB] 
bereafode 1: [1 VBD] 
bereafodon 1: [1 VBDI] 
beswicendan 1: [1 VAG^D] 
bet+ac+d 2: [2 VBPI] 
bet+aca+d 4: [4 VBPI] 
bet+acan 5: [4 VB] [1 VBPS] 
bet+ace 9: [9 VBPS] 
bet+acen 2: [2 VBPS] 
bet+acon 1: [1 VBPS] 
bet+ah+d 2: [2 VBPI] 
bet+aht 1: [1 VBN] 
bet+ahte 48: [47 VBD] [1 VBN^N] 
bet+ahton 5: [5 VBDI] 
betahte 2: [2 VBD] 
bete 1: [1 VBPS] 
beweledne 1: [1 VBN^A] 
bewergende 1: [1 VAG] 
biddendan 3: [3 VAG^D] 
biddende 3: [3 VAG^N] 
biddendum 7: [7 VAG^D] 
binemned 1: [1 VBN] 
bisnian 1: [1 VB] 
$bleotan 1: [1 VBDI] 
blotan 1: [1 VB] 
blote 1: [1 VBPS] 
boda 1: [1 VBI] 
boda+d 3: [3 VBPI] 
bodade 12: [12 VBD] 
bodast 2: [2 VBPI] 
bodede Bodede 2: [2 VBD] 
bodedon 3: [3 VBDI] 
bodia+d 6: [4 VBI] [2 VBPI] 
bodian 15: [15 VB] 
bodianne 2: [2 VB^D] 
bodiende 2: [1 VAG] [1 VB^D] 
bodienne 1: [1 VB^D] 
bodigan 2: [2 VB] 
bodige 2: [2 VBP] 
bodigenne 2: [2 VB^D] 
bodode $bodode 5: [5 VBD] 
bodude 1: [1 VBD] 
borhf+aste 1: [1 VBD] 
brec 1: [1 VBI] 
breng+d 1: [1 VBPI] 
brengan 1: [1 VB] 
brienga+d 3: [3 VBPI] 
brinc+d 2: [2 VBPI] 
bring 1: [1 VBI] 
bring+d 3: [3 VBPI] 
bringa+d 5: [4 VBPI] [1 VBI] 
bringa+t 3: [2 VBI] [1 VBPI] 
bringan 9: [9 VB] 
bringe 3: [2 VBPS] [1 VBP] 
bringon 1: [1 VBPS] 
brohtan 1: [1 VBDI] 
brohte 27: [27 VBD] 
brohtest 1: [1 VBDI] 
brohton Brohton 8: [8 VBDI] 
brycsian 1: [1 VB] 
bryngan 1: [1 VB] 
budon 3: [3 VBDI] 
bugan 2: [2 VB] 
byrnende 1: [1 VAG^A] 
bysnian 1: [1 VB] 
bysnige 1: [1 VBPS] 
/*  ~C~  */
cleopodon 1: [1 VBDI] 
clipodon 1: [1 VBDI] 
clypige 1: [1 VBPS] 
clypode 1: [1 VBD] 
com 9: [9 VBDI] 
come 1: [1 VBDS] 
comon 7: [7 VBDI] 
cu+a+d 1: [1 VBDI] 
cudde 1: [1 VBD] 
cuea+d 1: [1 VBDI] 
cum 2: [2 VBI] 
cuman 2: [2 VB] 
cume 1: [1 VBPS] 
cumenan 1: [1 VBN^G] 
cumendum 2: [2 VAG^D] 
cuomon 1: [1 VBDI] 
cw+a+d 22: [22 VBDI] 
cw+a+t 1: [1 VBDI] 
cwe+dan 1: [1 VB] 
cwe+de 1: [1 VBP] 
cwe+dende 12: [11 VAG^N] [1 VAG] 
cwe+te 1: [1 VBPS] 
cwe+tende 5: [5 VAG^N] 
cwedenan 1: [1 VBN^D] 
cwi+d 2: [2 VBPI] 
cwom 5: [5 VBDI] 
cwome 1: [1 VBDS] 
cy+d 3: [3 VBI] 
cy+da+d 2: [2 VBPI] 
cy+dan 9: [9 VB] 
cy+danne 1: [1 VB^D] 
cy+dde 14: [13 VBD] [1 VBN^A] 
cy+ddon 2: [2 VBDI] 
cy+de 4: [4 VBPS] 
cy+ta+d Cy+ta+d 2: [1 VBPI] [1 VBI] 
cy+ta+t 1: [1 VBI] 
cy+tan 9: [9 VB] 
cy+te 1: [1 VBPS] 
cy+tenne 1: [1 VB^D] 
cyddan 1: [1 VBDI] 
cydde 18: [18 VBD] 
cyddest 1: [1 VBDI] 
cyddon 9: [9 VBDI] 
cym+d 3: [3 VBPI] 
cymenan 1: [1 VBN^G] 
cyrde 1: [1 VBD] 
/*  ~D~  */
+dancige 1: [1 VBP] 
+dearfendum 2: [2 VAG^D] 
+degna+d 1: [1 VBPI] 
+duhte 1: [1 VBD] 
d+adbete 1: [1 VBPS] 
d+adbetendum 1: [1 VAG^D] 
d+al 1: [1 VBI] 
d+al+d 3: [3 VBPI] 
d+ala+d 1: [1 VBI] 
d+ala+t 1: [1 VBPI] 
d+alan 11: [10 VB] [1 VBPS] 
d+alde 13: [13 VBD] 
d+aldon 7: [7 VBDI] 
d+ale 5: [4 VBPS] [1 VBP] 
d+alende 1: [1 VAG] 
d+alst 1: [1 VBPI] 
de+d 9: [9 VBPI] 
de+t 2: [2 VBPI] 
deah 1: [1 VBPI] 
dem 2: [2 VBI] 
dem+d 1: [1 VBPI] 
deman 1: [1 VB] 
demdon 1: [1 VBDI] 
deme 1: [1 VBPS] 
deme+d 1: [1 VBPI] 
demed 1: [1 VBN] 
demenne 1: [1 VB^D] 
dere+d 1: [1 VBPI] 
dest $dest 2: [2 VBPI] 
didon 1: [1 VBDI] 
digla+d 1: [1 VBPI] 
do Do 8: [3 VBP] [4 VBPS] [1 VBPH] 
do+d 11: [9 VBPI] [2 VBI] 
do+t 1: [1 VBPI] 
don Don $don 32: [27 VB] [5 VBPS] 
donde 1: [1 VAG] 
donne 1: [1 VB^D] 
doo Doo 2: [1 VBPS] [1 VBPH] 
dwoligendum 1: [1 VAG^D] 
dydan 1: [1 VBDI] 
dyde 11: [11 VBD] 
dyden 1: [1 VBDS] 
dydest 1: [1 VBDI] 
dydon $dydon 9: [9 VBDI] 
dyrne 1: [1 VBPS] 
/*  ~E~  */
elciendum 1: [1 VAG^D] 
elcode 1: [1 VBD] 
eode 3: [3 VBD] 
eowa+d 1: [1 VBPI] 
eowde 2: [2 VBD] 
eowian 2: [2 VB] 
eowode 1: [1 VBD] 
/*  ~F~  */
f+astendum 1: [1 VAG^D] 
f+astnode 1: [1 VBD] 
faran 1: [1 VB] 
fare 1: [1 VBPS] 
fedde 1: [1 VBD] 
feng 3: [3 VBDI] 
fenge 1: [1 VBDS] 
feoll 1: [1 VBDI] 
ferde 3: [3 VBD] 
ferdon 1: [1 VBDI] 
ferode 1: [1 VBD] 
fetigan 1: [1 VB] 
findan 1: [1 VB] 
finde 2: [2 VBPS] 
flugon 1: [1 VBDI] 
foe 1: [1 VBPS] 
forbead 7: [7 VBDI] 
forbeoda+t 1: [1 VBPI] 
forbeodan 3: [3 VB] 
forbera+d 1: [1 VBPI] 
forberan 2: [2 VB] 
forbudon 1: [1 VBDI] 
forbyt 1: [1 VBPI] 
forcurfe 1: [1 VBDS] 
foresceawie 1: [1 VBPS] 
forfleah 1: [1 VBDI] 
forg+af 3: [3 VBDI] 
forgeaf 43: [43 VBDI] 
forgeafe 8: [7 VBDS] [1 VBD] 
forgeafen 1: [1 VBDS] 
forgeafon 4: [4 VBDI] 
forgeald 1: [1 VBDI] 
forgeofan 1: [1 VB] 
forgeofe 1: [1 VBDS] 
forgielde 1: [1 VBPS] 
forgif 1: [1 VBI] 
forgif+d 11: [11 VBPI] 
forgifan 10: [10 VB] 
forgife 6: [4 VBPS] [2 VBP] 
forgife+d $forgife+d 3: [3 VBPI] 
forgife+t 1: [1 VBPI] 
forgifen 1: [1 VBN] 
forgifenan 1: [1 VBN^D] 
forgifene 1: [1 VBN^N] 
forgifenne 1: [1 VB^D] 
forgifon 1: [1 VBPS] 
forgyf+d 4: [4 VBPI] 
forgyfa+d 2: [2 VBPI] 
forgyfan 5: [5 VB] 
forgyfe 3: [3 VBP] 
forgyfen 1: [1 VBN] 
forh+al 1: [1 VBDI] 
forhil+d 1: [1 VBPI] 
forhogode 1: [1 VBD] 
forlegenan 1: [1 VBN^D] 
forlet 3: [3 VBDI] 
forlorenum 1: [1 VBN^D] 
forseah 1: [1 VBDI] 
forslea 4: [4 VBPS] 
forst+al $forst+al 3: [3 VBDI] 
forstent 3: [2 VBPI] [1 VBDI] 
forstod 2: [2 VBDI] 
forstyl+d 1: [1 VBPI] 
forsyngedan 1: [1 VBN^D] 
forworhtum 1: [1 VBN^D] 
forwyrhtne 1: [1 VBN^A] 
forwyrnan 1: [1 VBPS] 
forwyrnde 1: [1 VBD] 
forwyrndon 1: [1 VBDI] 
frema+d 3: [3 VBPI] 
fremian 1: [1 VB] 
freolsia+d 1: [1 VBPI] 
froma+t 1: [1 VBPI] 
fulfremed 1: [1 VBN^A] 
fulfremedum 1: [1 VBN^D] 
fultuma+d 1: [1 VBPI] 
funde 1: [1 VBD] 
fylgde 1: [1 VBD] 
fyligde 1: [1 VBD] 
fyligdon 1: [1 VBDI] 
fylston 1: [1 VBDI] 
/*  ~G~  */
g+a+d 1: [1 VBPI] 
gan 3: [3 VB] 
ge+attrodan 1: [1 VBN^A] 
ge+attrodne 1: [1 VBN^A] 
ge+dafian 1: [1 VB] 
ge+dafiga+d 1: [1 VBPI] 
$ge+dafode ge+dafode 3: [3 VBD] 
$ge+de+d 1: [1 VBPI] 
ge+deodde 1: [1 VBN^N] 
ge+dingode 1: [1 VBD] 
ge+duht 1: [1 VBN] 
ge+tafian 1: [1 VBPS] 
ge+tafige 1: [1 VBPS] 
ge+tafode 1: [1 VBD] 
ge+teod 1: [1 VBN] 
ge+teodde 4: [4 VBD] 
ge+teode 1: [1 VBPS] 
ge+teode+d 1: [1 VBPI] 
ge+teodenne 1: [1 VB^D] 
ge+tinga+d 1: [1 VBPI] 
ge+tingie 1: [1 VBPS] 
ge+tw+aria+d 1: [1 VBPI] 
ge+tw+arion 1: [1 VBPS] 
ge+tw+arl+ace 1: [1 VBPS] 
geaf Geaf 23: [23 VBDI] 
geafon 3: [3 VBDI] 
$geagnedest 1: [1 VBDI] 
geald 6: [6 VBDI] 
gealt 1: [1 VBDI] 
$geanddettan 1: [1 VB] 
geandettan 2: [2 VB] 
geandette 2: [1 VBPS] [1 VBD] 
geandwyrdan 1: [1 VB] 
geanlicodon 1: [1 VBDI] 
geann 4: [4 VBPI] 
gearcian 1: [1 VB] 
gearcige 1: [1 VBPS] 
gearuwa+d 1: [1 VBPI] 
gearwian 1: [1 VB] 
gearwode 1: [1 VBD] 
geb+ade 1: [1 VBDS] 
geb+adon 1: [1 VBDI] 
geb+arned 1: [1 VBN^A] 
gebead 1: [1 VBDI] 
gebecte 1: [1 VBD] 
gebeodan 1: [1 VB] 
gebeode GEBEODE 4: [4 VBPS] 
gebeorgan 1: [1 VB] 
gebeorhgan 1: [1 VB] 
gebeotode 1: [1 VBD] 
gebete 3: [1 VBN^N] [2 VBPS] 
gebiddan 1: [1 VBPS] 
gebigan 3: [3 VB] 
gebigde 2: [2 VBD] 
gebigdon 2: [2 VBDI] 
gebige 1: [1 VBPS] 
gebigean 3: [1 VBPS] [2 VB] 
gebigst 1: [1 VBPI] 
gebire+d 2: [2 VBPI] 
gebletsodan 1: [1 VBN^A] 
gebletsode 1: [1 VBN^A] 
gebocige 1: [1 VBP] 
gebocode 2: [2 VBD] 
gebodien 1: [1 VBPS] 
gebr+aded 1: [1 VBN^N] 
gebrinc+d 1: [1 VBPI] 
gebrincg+d 1: [1 VBPI] 
gebring 1: [1 VBI] 
gebriwed 1: [1 VBN^A] 
gebroht 2: [2 VBN] 
gebrohte 3: [3 VBD] 
gebrytnige 1: [1 VBPS] 
gebudan 1: [1 VBDI] 
gebude 1: [1 VBDS] 
gebudon 5: [5 VBDI] 
gebugan 3: [1 VB] [2 VBPS] 
gebugon 1: [1 VBDI] 
gebunden 1: [1 VBN] 
gebylde 1: [1 VBD] 
gebyre+d 4: [4 VBPI] 
gebyrhst 2: [2 VBPI] 
gebyria+d 1: [1 VBPI] 
geceas 1: [1 VBDI] 
gecerde 1: [1 VBD] 
gecerran 2: [2 VB] 
gecierran 1: [1 VB] 
geciged 1: [1 VBN] 
gecnucadne 1: [1 VBN^A] 
gecoren 1: [1 VBN] 
gecorenan 1: [1 VBN^N] 
gecorene 2: [1 VBN^N] [1 VBN^A] 
gecorenra 1: [1 VBN^G] 
gecorenum 4: [4 VBN^D] 
gecuman 1: [1 VB] 
gecuran 1: [1 VBDI] 
gecw+a+d 1: [1 VBDI] 
gecwemdon 1: [1 VBDI] 
gecwy+d 1: [1 VBPI] 
gecy+dan 2: [2 VB] 
gecy+dde 2: [2 VBD] 
gecy+de 2: [2 VBPS] 
gecy+ded 1: [1 VBN] 
gecy+tan 1: [1 VB] 
gecy+tde 1: [1 VBD] 
gecyd 1: [1 VBN] 
gecydde 4: [4 VBD] 
gecyddon 1: [1 VBDI] 
gecyr+d 1: [1 VBPI] 
gecyrra+d 1: [1 VBPI] 
gecyrre 1: [1 VBPS] 
gecyrred 1: [1 VBN] 
gecyrredne 1: [1 VBN^A] 
ged+alan 1: [1 VB] 
ged+alanne 1: [1 VB^D] 
ged+alde 5: [5 VBD] 
ged+ale 1: [1 VBPS] 
ged+aled 2: [2 VBN] 
ged+alede 1: [1 VBN^A] 
gede+d 1: [1 VBPI] 
gedelde 1: [1 VBD] 
gedele 1: [1 VBPS] 
gedemde 2: [2 VBD] 
gedeme+d 1: [1 VBPI] 
gedemed 1: [1 VBN] 
gedihte 2: [2 VBD] 
gedo 1: [1 VBPH] 
gedo+d 5: [5 VBPI] 
gedo+t 1: [1 VBPI] 
gedoe 1: [1 VBPS] 
gedon 6: [4 VB] [1 VBN] [1 VBPS] 
gedoon 1: [1 VB] 
gedwellan 1: [1 VB] 
gedyde 4: [4 VBD] 
gedydest 1: [1 VBPI] 
gedydon 3: [3 VBDI] 
geearnian 1: [1 VBPS] 
geefenl+acan 1: [1 VBPS] 
geeowde 1: [1 VBD] 
geere+d 1: [1 VBPI] 
gefarenum 1: [1 VBN^D] 
gefeande 1: [1 VAG^N] 
gefeollan 1: [1 VBDI] 
gefestnie 1: [1 VBP] 
geflugon 1: [1 VBDI] 
gefolga+d 1: [1 VBPI] 
gefon 1: [1 VBDI] 
gefremede 2: [2 VBD] 
gefremedest 1: [1 VBDI] 
gefultemedan 1: [1 VBDI] 
gefyldon 1: [1 VBDI] 
gefyllan 1: [1 VBPS] 
gefylledum 1: [1 VBN^D] 
gegadrian 1: [1 VBPS] 
gegan 1: [1 VBN] 
gegearewade 1: [1 VBD] 
gegearwa+d 1: [1 VBPI] 
gegearwa+t 1: [1 VBPI] 
gegearwian 1: [1 VB] 
gegearwode 2: [2 VBD] 
geglenged 1: [1 VBN] 
gegniden 1: [1 VBN^A] 
gegremed 1: [1 VBN^N] 
geh+al+t 1: [1 VBPI] 
geh+alde 1: [1 VBN^A] 
geh+aledum 1: [1 VBN^D] 
geh+at 1: [1 VBN^A] 
gehadedum Gehadedum 4: [4 VBN^D] 
gehadode 1: [1 VBN^N] 
gehadodum 2: [2 VBN^D] 
gehaldre 1: [1 VBN^D] 
gehalgad 1: [1 VBN] 
gehalgian 4: [4 VB] 
gehalgienne 1: [1 VB^D] 
gehalgode 2: [2 VBD] 
gehalgodne 1: [1 VBN^A] 
gehata+d 3: [3 VBPI] 
gehaten 4: [4 VBN] 
gehatum 1: [1 VBN^D] 
gehealdan 1: [1 VB] 
gehealde 1: [1 VBPS] 
gehealden 1: [1 VBPS] 
gehelpan 2: [2 VB] 
gehelpon 1: [1 VBPS] 
geheold 1: [1 VBDI] 
gehet $gehet 6: [6 VBDI] 
gehirsumian 1: [1 VB] 
gehiwode 1: [1 VBN^N] 
gehloten 1: [1 VBN] 
gehweorfe 1: [1 VBPS] 
gehyrendum 1: [1 VAG^D] 
gehyrsumian 1: [1 VB] 
geiece 1: [1 VBPS] 
geihte 1: [1 VBD] 
geinnian 1: [1 VB] 
gel+ad 1: [1 VBN] 
gel+adan 2: [2 VB] 
gel+adde 3: [1 VBN^N] [2 VBD] 
gel+ade+d 1: [1 VBPI] 
gel+aded 1: [1 VBN] 
gel+ardan 1: [1 VBN^A] 
gel+aredum 1: [1 VBN^D] 
gel+astan 4: [3 VB] [1 VBPS] 
gel+aste 2: [1 VBD] [1 VBPS] 
gela+dode 1: [1 VBD] 
geldan 1: [1 VB] 
gelden 1: [1 VB] 
geleana+d 1: [1 VBPI] 
geleanian 1: [1 VBPS] 
geli+dian 1: [1 VBPS] 
geli+tew+ahte 1: [1 VBD] 
gelicode 2: [2 VBD] 
geliefen 1: [1 VBPS] 
gelyfan 1: [1 VB] 
gem+anigfealdode 1: [1 VBD] 
gem+ansumede 1: [1 VBD] 
gemengde 1: [1 VBN^N] 
gemenged 1: [1 VBN^A] 
gemengedne 1: [1 VBN^A] 
$gemengen 1: [1 VBN^A] 
gemette 1: [1 VBD] 
gemildsode 1: [1 VBD] 
gemiltsode 2: [2 VBD] 
gemynt 1: [1 VBN] 
gemynte 1: [1 VBD] 
genacodade 1: [1 VBD] 
genam 1: [1 VBDI] 
geneadod 2: [2 VBN^N] 
geneal+ahte 2: [2 VBD] 
genemned 1: [1 VBN] 
geneo+teria+d 1: [1 VBPI] 
genihtsumian 1: [1 VB] 
genumen 1: [1 VBN] 
geny+teria+d 1: [1 VBPI] 
geoffra Geoffra 8: [8 VBI] 
geoffra+d 1: [1 VBPI] 
geoffrast 3: [3 VBPI] 
geoffria+d 1: [1 VBPI] 
geoffrian 10: [10 VB] 
geoffrien 1: [1 VBPS] 
geoffrige 6: [3 VBP] [3 VBPS] 
geoffrion 1: [1 VBPS] 
geoffrode 11: [11 VBD] 
geoffrodon 5: [5 VBDI] 
geofrode 1: [1 VBD] 
geonlician 1: [1 VB] 
geopena 1: [1 VBI] 
geopena+d 1: [1 VBPI] 
geopenade 1: [1 VBD] 
geopened 1: [1 VBN] 
geopenian 1: [1 VB] 
geopenode 1: [1 VBD] 
geoten 1: [1 VBPS] 
ger+adde 3: [3 VBD] 
geradian 1: [1 VB] 
gerehte 1: [1 VBD] 
gerihte 1: [1 VBN^N] 
gerihtl+acan 1: [1 VB] 
gerimod 1: [1 VBN] 
gerist 2: [2 VBPI] 
ges+agd 1: [1 VBN] 
gesalde 1: [1 VBD] 
gesawe 1: [1 VBD] 
gesceapen 1: [1 VBN] 
geseah 1: [1 VBDI] 
geseald 9: [8 VBN] [1 VBN^N] 
gesealdan 2: [2 VBDI] 
gesealde 20: [20 VBD] 
gesealden 1: [1 VBDS] 
gesealdon 1: [1 VBDI] 
gesecgan 1: [1 VB] 
gesele+d 1: [1 VBPI] 
gesella+d 1: [1 VBPI] 
gesellan 3: [1 VBPS] [2 VB] 
geselle 1: [1 VBPS] 
gesende 2: [2 VBD] 
geseon 1: [1 VB] 
geset 1: [1 VBN] 
gesete 1: [1 VBPS] 
gesettan 1: [1 VBN^A] 
gesette 12: [7 VBN^N] [4 VBD] [1 VBP] 
gesettun 1: [1 VBDI] 
gesoden 2: [2 VBN^A] 
gesodenne 1: [1 VBN^A] 
gesta+telade 1: [1 VBD] 
gestiran 1: [1 VB] 
gestreonde 1: [1 VBD] 
gestryna+d 1: [1 VBPI] 
gestrynan 6: [3 VBPS] [3 VB] 
gestrynde 4: [4 VBD] 
gestryndon 2: [2 VBDI] 
gestryne+d 1: [1 VBPI] 
gestrynon 1: [1 VBPS] 
gestyran 2: [2 VB] 
gesw+ancgtum 1: [1 VBN^D] 
geswencedan 1: [1 VBN^D] 
geswore 1: [1 VBD] 
geswutela+d 5: [5 VBPI] 
geswutelian 1: [1 VB] 
geswutelion 1: [1 VBPS] 
geswutelod 4: [4 VBN] 
geswutelode 4: [4 VBD] 
geswutolode 1: [1 VBD] 
gesyle 1: [1 VBI] 
gesylla+d 1: [1 VBPI] 
gesyllan 2: [2 VB] 
gesylle 1: [1 VBPS] 
gesyllen 1: [1 VB] 
get+acan 1: [1 VB] 
get+aht 1: [1 VBN] 
get+ahte 3: [3 VBD] 
getacna+d 1: [1 VBPI] 
getacnode 2: [2 VBD] 
getawod 1: [1 VBN^A] 
getele+d 1: [1 VBPI] 
geti+da+d 2: [2 VBPI] 
geti+dode 2: [2 VBD] 
geti+todon 1: [1 VBDI] 
getihted 1: [1 VBN] 
getogen 1: [1 VBN] 
getruwode 1: [1 VBD] 
getrymede 2: [2 VBD] 
getyde 1: [1 VBD] 
geu+dan 1: [1 VBDI] 
geunnen 1: [1 VBN] 
gewat 1: [1 VBDI] 
gewealcen 1: [1 VBN^A] 
geweman 2: [2 VB] 
gewende 2: [2 VBD] 
gewilniende 1: [1 VAG^N] 
gewilnode 1: [1 VBD] 
gewissa+d 1: [1 VBPI] 
gewundedum 1: [1 VBN^D] 
geyp+d 1: [1 VBPI] 
gieldan 1: [1 VB] 
gielde 2: [2 VBPS] 
giema+d 1: [1 VBPI] 
gif Gif 2: [2 VBI] 
$gif+d gif+d 3: [3 VBPI] 
gifenne 1: [1 VB^D] 
gilda+d 1: [1 VBPI] 
gildan 2: [2 VB] 
gilde 3: [3 VBPS] 
gilt 2: [2 VBPI] 
gnidan 1: [1 VB] 
gongende 1: [1 VAG] 
gongendes 1: [1 VAG^G] 
gulde 1: [1 VBDS] 
guldon 1: [1 VBDI] 
gyf 1: [1 VBI] 
gyf+d 2: [2 VBPI] 
gyfa+d 1: [1 VBPI] 
gyfe 1: [1 VBPS] 
gylda+d 1: [1 VBPI] 
gyldan 4: [4 VB] 
gylde 3: [3 VBPS] 
gyldon 1: [1 VB] 
/*  ~H~  */
h+al 1: [1 VBDI] 
hadian 1: [1 VB] 
hangigende 1: [1 VAG^N] 
healdan 2: [2 VB] 
healde 1: [1 VBP] 
hearmige 1: [1 VBPS] 
heofendum 1: [1 VAG^D] 
heold 1: [1 VBDI] 
het 1: [1 VBDI] 
hleo+dre+d 1: [1 VBPI] 
hwearf 1: [1 VBDI] 
hwurfe 1: [1 VBDS] 
hyran 2: [1 VB] [1 VBPS] 
/*  ~I~  */
/*  ~J~  */
/*  ~K~  */
ky+da+d 1: [1 VBI] 
ky+danne 1: [1 VB^D] 
kyddon 1: [1 VBDI] 
/*  ~L~  */
l+adan 2: [2 VB] 
l+adde 1: [1 VBD] 
l+ade 1: [1 VBPS] 
l+aded 1: [1 VBN] 
l+afanne 1: [1 VB^D] 
l+afde 1: [1 VBD] 
l+afdon 1: [1 VBDI] 
l+age 1: [1 VBDS] 
l+aran 4: [3 VB] [1 VBPS] 
l+aranne 2: [2 VB^D] 
l+arde 4: [4 VBD] 
l+ardon 1: [1 VBDI] 
l+are 1: [1 VBPS] 
l+ata+d 1: [1 VBPI] 
l+atan 2: [2 VB] 
l+awe+t 1: [1 VBPI] 
leanian 1: [1 VB] 
leanion 1: [1 VBPS] 
lecgan 1: [1 VB] 
let 2: [2 VBDI] 
lett 1: [1 VBDI] 
li+tegode 1: [1 VBD] 
libban 1: [1 VBPS] 
libbende 1: [1 VAG^N] 
libbendne 1: [1 VAG^A] 
licet 1: [1 VBPI] 
licgende 1: [1 VAG^A] 
licgendum 1: [1 VAG^D] 
lifian 1: [1 VB] 
lifigendan 1: [1 VAG^D] 
ligcgendon 1: [1 VAG^D] 
loh 1: [1 VBDI] 
lufiendum 1: [1 VAG^D] 
$lufigendum 1: [1 VAG^D] 
lyfde 1: [1 VBD] 
lyfe+d 1: [1 VBPI] 
lyfiendan 1: [1 VAG^D] 
lyfigendan 2: [2 VAG^D] 
/*  ~M~  */
m+anan 1: [1 VB] 
maca+d 1: [1 VBPI] 
macia+d 1: [1 VBPI] 
manode 1: [1 VBD] 
meltende 1: [1 VAG^A] 
mi+dan 1: [1 VB] 
mildsige 1: [1 VBPS] 
miltsa+d 1: [1 VBPI] 
miltsian 1: [1 VB] 
misbeode 1: [1 VBPS] 
mislica+d 1: [1 VBPI] 
/*  ~N~  */
namon 2: [2 VBDI] 
neal+acen 1: [1 VBPS] 
nedde 1: [1 VBD] 
nym+d 1: [1 VBPI] 
/*  ~O~  */
o+df+aste 2: [1 VBPS] [1 VBD] 
o+dwat 1: [1 VBDI] 
offredon 1: [1 VBDI] 
offria+d 5: [5 VBPI] 
offrian 10: [10 VB] 
offrie 3: [3 VBPS] 
offrige 3: [2 VBP] [1 VBPS] 
offrode 14: [14 VBD] 
offrodon 6: [6 VBDI] 
ofrian 3: [3 VB] 
ofrodon 1: [1 VBDI] 
olecce 1: [1 VBPS] 
onbryrdre 1: [1 VBN^D] 
oncnawan 1: [1 VBPS] 
ondette 1: [1 VBPS] 
ongyrede 1: [1 VBD] 
onhadige 1: [1 VBPS] 
openian 1: [1 VB] 
/*  ~P~  */
/*  ~Q~  */
/*  ~R~  */
r+adde 3: [3 VBD] 
r+adindan 1: [1 VAG^D] 
r+ahte 1: [1 VBD] 
r+are 1: [1 VBPS] 
r+are+d 1: [1 VBPI] 
rad 1: [1 VBDI] 
reafiendum 1: [1 VAG^D] 
rehte 20: [20 VBD] 
rehton 3: [3 VBDI] 
rym 1: [1 VBI] 
rymdon 1: [1 VBDI] 
/*  ~S~  */
s+acgan 1: [1 VB] 
s+ade S+ADE 45: [45 VBD] 
s+adon $s+adon 19: [19 VBDI] 
s+adun 1: [1 VBDI] 
s+agde 14: [14 VBD] 
s+agdon 3: [3 VBDI] 
s+ande 1: [1 VBD] 
salde 1: [1 VBD] 
saldon 2: [2 VBDI] 
sce+t+tan 1: [1 VBPS] 
sceamige 1: [1 VBPS] 
scenc+d 1: [1 VBPI] 
sceofon 1: [1 VB] 
scinende 1: [1 VAG^N] 
scrife+d 1: [1 VBPI] 
scrifon 1: [1 VB] 
scyfte 1: [1 VBD] 
sealdan 5: [5 VBDI] 
sealde Sealde 126: [126 VBD] 
sealden 1: [1 VBDS] 
sealdest 4: [4 VBDI] 
sealdon 17: [17 VBDI] 
secga+d 1: [1 VBI] 
secga+t 1: [1 VBI] 
secgan 18: [17 VB] [1 VBPS] 
secganne 1: [1 VB^D] 
secge 13: [6 VBP] [7 VBPS] 
secgean 2: [1 VB] [1 VBPS] 
secgende 2: [1 VAG^N] [1 VAG] 
secgenne 1: [1 VB^D] 
secgeon 1: [1 VBPS] 
secggean 1: [1 VB] 
sede 1: [1 VBD] 
segdes 1: [1 VBDI] 
segdon 1: [1 VBDI] 
sege Sege 5: [4 VBI] [1 VBPS] 
sel+d 5: [5 VBPI] 
sele 11: [11 VBI] 
sele+d 4: [4 VBPI] 
selest 1: [1 VBPI] 
sella+d 10: [8 VBPI] [2 VBI] 
sellan 14: [13 VB] [1 VBPS] 
sellanne 2: [2 VB^D] 
selle 16: [14 VBPS] [2 VBP] 
sellen 4: [4 VBPS] 
sende Sende 21: [18 VBD] [2 VBP] [1 VBPS] 
sended 1: [1 VBN] 
senden 1: [1 VBPS] 
sendon 4: [4 VBDI] 
sent 1: [1 VBPI] 
sete 1: [1 VBI] 
sette 5: [5 VBD] 
sile 1: [1 VBP] 
silla+t 1: [1 VBI] 
sillan 1: [1 VB] 
sille 3: [2 VBP] [1 VBPS] 
sillon 1: [1 VBPS] 
singa+d 1: [1 VBI] 
singan 1: [1 VB] 
singe 1: [1 VBPS] 
singe+d 1: [1 VBI] 
siollanne 1: [1 VB^D] 
sittende 1: [1 VAG^N] 
sittendum 1: [1 VAG^D] 
slapendum 1: [1 VAG^D] 
sleandum 1: [1 VAG^D] 
sparige 1: [1 VBPS] 
spendon 1: [1 VBDI] 
spone 1: [1 VBDS] 
spr+ac 1: [1 VBDI] 
spric+d 1: [1 VBPI] 
stele+d 1: [1 VBPI] 
stondendan 1: [1 VAG^N] 
stranga+d 1: [1 VBPI] 
styran 1: [1 VB] 
styre 3: [3 VBPS] 
swor 4: [4 VBDI] 
swulton 1: [1 VBDI] 
swutelian 1: [1 VB] 
syl+d 16: [16 VBPI] 
syl+t 3: [3 VBPI] 
syle Syle 14: [13 VBI] [1 VBPS] 
syle+d 2: [2 VBPI] 
syle+t 1: [1 VBPI] 
sylest 1: [1 VBPI] 
sylla+d 6: [1 VBI] [5 VBPI] 
syllan 43: [42 VB] [1 VBPS] 
syllanne 3: [3 VB^D] 
sylle 21: [13 VBPS] [8 VBP] 
sylle+t 1: [1 VBPI] 
syllende 1: [1 VAG] 
syllenne 2: [2 VB^D] 
syllon 4: [4 VBPS] 
syngiendum 1: [1 VAG^D] 
syngigendum 1: [1 VAG^D] 
/*  ~T~  */
+tancigende 1: [1 VAG^N] 
+tancode 2: [2 VBD] 
+tearfgendum 1: [1 VAG^D] 
+tegnade 1: [1 VBD] 
+tegnode 1: [1 VBD] 
+tenian 1: [1 VB] 
+tenigan 1: [1 VB] 
+tenige 1: [1 VBPS] 
+tenode 1: [1 VBD] 
+teogende 1: [1 VAG] 
+teowdan 1: [1 VBDI] 
+teowia+d 2: [2 VBPI] 
+teowodon 1: [1 VBDI] 
+treatie 1: [1 VBP] 
+trowigende 1: [1 VAG] 
+tyn 1: [1 VB] 
t+aca+d 1: [1 VBPI] 
t+acan 5: [5 VB] 
t+acst 1: [1 VBPI] 
t+ahte T+ahte 10: [10 VBD] 
t+ahton 1: [1 VBDI] 
tacnode 1: [1 VBD] 
tellan 1: [1 VB] 
teo+dian 1: [1 VB] 
tiem+d 1: [1 VBPI] 
tiem+t 1: [1 VBPI] 
tieme 1: [1 VBPS] 
tihtan 1: [1 VB] 
tihte 1: [1 VBD] 
tihton 1: [1 VBPS] 
tilian 1: [1 VB] 
truwa+d 1: [1 VBPI] 
tugon 1: [1 VBDI] 
twynigendum 1: [1 VAG^D] 
tyhte 1: [1 VBPS] 
/*  ~U~  */
under+deoddum 1: [1 VBN^D] 
unlucan 1: [1 VB] 
unscryddon 2: [2 VBDI] 
/*  ~V~  */
/*  ~W~  */
waciendan 1: [1 VAG^D] 
wealdenda 1: [1 VAG^N] 
wearp 2: [2 VBDI] 
weaxendes 1: [1 VAG^G] 
wedendan 1: [1 VAG^D] 
wegendum 1: [1 VAG^D] 
weldondum 1: [1 VAG^D] 
weman 1: [1 VB] 
wend 1: [1 VBI] 
wende 1: [1 VBPS] 
wenen 1: [1 VB] 
went 1: [1 VBPI] 
weorpe 1: [1 VBPS] 
wependan 1: [1 VAG^D] 
wependum 1: [1 VAG^D] 
wi+dmete 1: [1 VBP] 
wilnia+d 1: [1 VBPI] 
wilniende 1: [1 VAG] 
wiston 1: [1 VBDI] 
wit 4: [4 VBI] 
wita+d 1: [1 VBPI] 
witan 1: [1 VBDI] 
witegode 1: [1 VBD] 
worhtan 1: [1 VBDI] 
worhte 2: [2 VBD] 
worhton 1: [1 VBDI] 
wreg+d 1: [1 VBPI] 
wundrigendum 1: [1 VAG^D] 
wunode 2: [2 VBD] 
wur+ta+d 1: [1 VBPI] 
wurpa+t 1: [1 VBI] 
wurpan 1: [1 VB] 
wurpe 1: [1 VBDS] 
wyrcan 1: [1 VB] 
wyrpan 1: [1 VB] 
/*  ~X~  */
/*  ~Y~  */
ypte 1: [1 VBN^A] 
/*  ~Z~  */
/*  ~OTHER~  */

